<?xml version="1.0" encoding="UTF-8"?>
<!-- Generated by org.testng.reporters.JUnitReportReporter -->
<testsuite hostname="LAPTOP-4GCDTFLO" failures="0" tests="1" name="testNG.CreateWorkTypeGroup" time="56.419" errors="1" timestamp="2021-06-05T23:13:55 IST" skipped="0">
  <testcase classname="testNG.CreateWorkTypeGroup" name="createWorkTypeGroup" time="56.419">
    <error message="Expected condition failed: waiting for element to be clickable: [[ChromeDriver: chrome on WINDOWS (7e189a08de0639eb13da60bf413dafaf)] -&gt; xpath: //a[contains(@title,&#039;Work Type Groups&#039;)]/following::div[contains(@class,&#039;context-bar&#039;)][1]] (tried for 20 second(s) with 500 milliseconds interval)
Build info: version: &#039;4.0.0-alpha-6&#039;, revision: &#039;5f43a29cfc&#039;
System info: host: &#039;LAPTOP-4GCDTFLO&#039;, ip: &#039;192.168.29.38&#039;, os.name: &#039;Windows 10&#039;, os.arch: &#039;amd64&#039;, os.version: &#039;10.0&#039;, java.version: &#039;12.0.1&#039;
Driver info: org.openqa.selenium.chrome.ChromeDriver
Capabilities {acceptInsecureCerts: false, browserName: chrome, browserVersion: 91.0.4472.77, chrome: {chromedriverVersion: 91.0.4472.19 (1bf021f248676..., userDataDir: C:\Users\pravi\AppData\Loca...}, goog:chromeOptions: {debuggerAddress: localhost:51884}, javascriptEnabled: true, networkConnectionEnabled: false, pageLoadStrategy: normal, platform: WINDOWS, platformName: WINDOWS, proxy: Proxy(), setWindowRect: true, strictFileInteractability: false, timeouts: {implicit: 0, pageLoad: 300000, script: 30000}, unhandledPromptBehavior: dismiss and notify, webauthn:extension:largeBlob: true, webauthn:virtualAuthenticators: true}
Session ID: 7e189a08de0639eb13da60bf413dafaf" type="org.openqa.selenium.TimeoutException">
      <![CDATA[org.openqa.selenium.TimeoutException: Expected condition failed: waiting for element to be clickable: [[ChromeDriver: chrome on WINDOWS (7e189a08de0639eb13da60bf413dafaf)] -> xpath: //a[contains(@title,'Work Type Groups')]/following::div[contains(@class,'context-bar')][1]] (tried for 20 second(s) with 500 milliseconds interval)
Build info: version: '4.0.0-alpha-6', revision: '5f43a29cfc'
System info: host: 'LAPTOP-4GCDTFLO', ip: '192.168.29.38', os.name: 'Windows 10', os.arch: 'amd64', os.version: '10.0', java.version: '12.0.1'
Driver info: org.openqa.selenium.chrome.ChromeDriver
Capabilities {acceptInsecureCerts: false, browserName: chrome, browserVersion: 91.0.4472.77, chrome: {chromedriverVersion: 91.0.4472.19 (1bf021f248676..., userDataDir: C:\Users\pravi\AppData\Loca...}, goog:chromeOptions: {debuggerAddress: localhost:51884}, javascriptEnabled: true, networkConnectionEnabled: false, pageLoadStrategy: normal, platform: WINDOWS, platformName: WINDOWS, proxy: Proxy(), setWindowRect: true, strictFileInteractability: false, timeouts: {implicit: 0, pageLoad: 300000, script: 30000}, unhandledPromptBehavior: dismiss and notify, webauthn:extension:largeBlob: true, webauthn:virtualAuthenticators: true}
Session ID: 7e189a08de0639eb13da60bf413dafaf
at org.openqa.selenium.support.ui.WebDriverWait.timeoutException(WebDriverWait.java:138)
at org.openqa.selenium.support.ui.FluentWait.lambda$checkConditionInLoop$2(FluentWait.java:255)
at java.base/java.util.concurrent.CompletableFuture$AsyncSupply.run(CompletableFuture.java:1771)
at java.base/java.util.concurrent.CompletableFuture$AsyncSupply.exec(CompletableFuture.java:1763)
at java.base/java.util.concurrent.ForkJoinTask.doExec(ForkJoinTask.java:290)
at java.base/java.util.concurrent.ForkJoinPool$WorkQueue.topLevelExec(ForkJoinPool.java:1020)
at java.base/java.util.concurrent.ForkJoinPool.scan(ForkJoinPool.java:1656)
at java.base/java.util.concurrent.ForkJoinPool.runWorker(ForkJoinPool.java:1594)
at java.base/java.util.concurrent.ForkJoinWorkerThread.run(ForkJoinWorkerThread.java:177)
]]>
    </error>
  </testcase> <!-- createWorkTypeGroup -->
  <system-out/>
</testsuite> <!-- testNG.CreateWorkTypeGroup -->
